<?xml version="1.0" encoding="UTF-8"?>
<testng-results ignored="0" total="2" passed="2" failed="0" skipped="0">
  <reporter-output>
  </reporter-output>
  <suite started-at="2023-03-18T19:45:52 IST" name="Suite" finished-at="2023-03-18T19:46:13 IST" duration-ms="20357">
    <groups>
    </groups>
    <test started-at="2023-03-18T19:45:52 IST" name="Test" finished-at="2023-03-18T19:46:13 IST" duration-ms="20357">
      <class name="com.SwagLab.TestCases.OverViewPageTest">
        <test-method is-config="true" signature="projectSetUp()[pri:0, instance:com.SwagLab.TestCases.OverViewPageTest@2c35e847]" started-at="2023-03-18T19:45:52 IST" name="projectSetUp" finished-at="2023-03-18T19:45:57 IST" duration-ms="4686" status="PASS">
          <reporter-output>
          </reporter-output>
        </test-method> <!-- projectSetUp -->
        <test-method is-config="true" signature="pageSetUp()[pri:0, instance:com.SwagLab.TestCases.OverViewPageTest@2c35e847]" started-at="2023-03-18T19:45:57 IST" name="pageSetUp" finished-at="2023-03-18T19:46:13 IST" duration-ms="15478" status="PASS">
          <reporter-output>
          </reporter-output>
        </test-method> <!-- pageSetUp -->
        <test-method signature="verifyDescription()[pri:1, instance:com.SwagLab.TestCases.OverViewPageTest@2c35e847]" started-at="2023-03-18T19:46:13 IST" name="verifyDescription" finished-at="2023-03-18T19:46:13 IST" duration-ms="32" status="PASS">
          <reporter-output>
          </reporter-output>
        </test-method> <!-- verifyDescription -->
        <test-method signature="verifyFinishProcess()[pri:2, instance:com.SwagLab.TestCases.OverViewPageTest@2c35e847]" started-at="2023-03-18T19:46:13 IST" name="verifyFinishProcess" finished-at="2023-03-18T19:46:13 IST" duration-ms="102" status="PASS">
          <reporter-output>
          </reporter-output>
        </test-method> <!-- verifyFinishProcess -->
        <test-method is-config="true" signature="teardown()[pri:0, instance:com.SwagLab.TestCases.OverViewPageTest@2c35e847]" started-at="2023-03-18T19:46:13 IST" name="teardown" finished-at="2023-03-18T19:46:13 IST" duration-ms="0" status="PASS">
          <reporter-output>
          </reporter-output>
        </test-method> <!-- teardown -->
      </class> <!-- com.SwagLab.TestCases.OverViewPageTest -->
    </test> <!-- Test -->
  </suite> <!-- Suite -->
</testng-results>
